app/manifest-merger-release-report.txt
-- Merging decision tree log ---
manifest
ADDED from AndroidManifest.xml:2:1
	xmlns:android
		ADDED from AndroidManifest.xml:2:11
	package
		ADDED from AndroidManifest.xml:3:5
		INJECTED from AndroidManifest.xml:0:0
		INJECTED from AndroidManifest.xml:0:0
	android:versionName
		INJECTED from AndroidManifest.xml:0:0
		INJECTED from AndroidManifest.xml:0:0
	android:versionCode
		INJECTED from AndroidManifest.xml:0:0
		INJECTED from AndroidManifest.xml:0:0
application
ADDED from AndroidManifest.xml:5:5
	android:label
		ADDED from AndroidManifest.xml:8:9
	android:allowBackup
		ADDED from AndroidManifest.xml:6:9
	android:icon
		ADDED from AndroidManifest.xml:7:9
	android:theme
		ADDED from AndroidManifest.xml:9:9
activity#com.personal.gerald.assetmanager.MainActivity
ADDED from AndroidManifest.xml:10:9
	android:label
		ADDED from AndroidManifest.xml:12:13
	android:name
		ADDED from AndroidManifest.xml:11:13
intent-filter#android.intent.action.MAIN+android.intent.category.LAUNCHER
ADDED from AndroidManifest.xml:13:13
action#android.intent.action.MAIN
ADDED from AndroidManifest.xml:14:17
	android:name
		ADDED from AndroidManifest.xml:14:25
category#android.intent.category.LAUNCHER
ADDED from AndroidManifest.xml:16:17
	android:name
		ADDED from AndroidManifest.xml:16:27
activity#com.personal.gerald.assetmanager.Overview
ADDED from AndroidManifest.xml:20:9
	android:label
		ADDED from AndroidManifest.xml:22:13
	android:name
		ADDED from AndroidManifest.xml:21:13
activity#com.personal.gerald.assetmanager.Newincome
ADDED from AndroidManifest.xml:25:9
	android:label
		ADDED from AndroidManifest.xml:27:13
	android:name
		ADDED from AndroidManifest.xml:26:13
activity#com.personal.gerald.assetmanager.Newoutgoing
ADDED from AndroidManifest.xml:30:9
	android:label
		ADDED from AndroidManifest.xml:32:13
	android:name
		ADDED from AndroidManifest.xml:31:13
activity#com.personal.gerald.assetmanager.Settings
ADDED from AndroidManifest.xml:35:9
	android:label
		ADDED from AndroidManifest.xml:37:13
	android:name
		ADDED from AndroidManifest.xml:36:13
activity#com.personal.gerald.assetmanager.Addone
ADDED from AndroidManifest.xml:40:9
	android:name
		ADDED from AndroidManifest.xml:41:13
activity#com.personal.gerald.assetmanager.Instalment
ADDED from AndroidManifest.xml:44:9
	android:label
		ADDED from AndroidManifest.xml:46:13
	android:name
		ADDED from AndroidManifest.xml:45:13
activity#com.personal.gerald.assetmanager.Detail
ADDED from AndroidManifest.xml:49:9
	android:label
		ADDED from AndroidManifest.xml:51:13
	android:name
		ADDED from AndroidManifest.xml:50:13
activity#com.personal.gerald.assetmanager.Predict
ADDED from AndroidManifest.xml:54:9
	android:label
		ADDED from AndroidManifest.xml:56:13
	android:name
		ADDED from AndroidManifest.xml:55:13
uses-sdk
INJECTED from AndroidManifest.xml:0:0 reason: use-sdk injection requested
	android:targetSdkVersion
		INJECTED from AndroidManifest.xml:0:0
		INJECTED from AndroidManifest.xml:0:0
	android:minSdkVersion
		INJECTED from AndroidManifest.xml:0:0
		INJECTED from AndroidManifest.xml:0:0